TN:
SF:C:\documents\myproject\twitterfeeds\src\polyfills.ts
FNF:0
FNH:0
LF:0
LH:0
BRF:0
BRH:0
end_of_record
TN:
SF:C:\documents\myproject\twitterfeeds\src\test.ts
FNF:0
FNH:0
DA:13,1
DA:18,1
DA:20,1
LF:3
LH:3
BRF:0
BRH:0
end_of_record
TN:
SF:C:\documents\myproject\twitterfeeds\src\app\app.component.ts
FN:3,(anonymous_0)
FNF:1
FNH:1
FNDA:3,(anonymous_0)
DA:8,1
DA:9,3
LF:2
LH:2
BRF:0
BRH:0
end_of_record
TN:
SF:C:\documents\myproject\twitterfeeds\src\app\component\tweets\tweets.component.ts
FN:23,(anonymous_0)
FN:28,(anonymous_1)
FN:32,(anonymous_2)
FN:36,(anonymous_3)
FN:42,(anonymous_4)
FN:46,(anonymous_5)
FNF:6
FNH:6
FNDA:9,(anonymous_0)
FNDA:9,(anonymous_1)
FNDA:14,(anonymous_2)
FNDA:10,(anonymous_3)
FNDA:271,(anonymous_4)
FNDA:2,(anonymous_5)
DA:12,1
DA:14,9
DA:15,9
DA:16,9
DA:17,9
DA:18,9
DA:20,9
DA:21,9
DA:23,9
DA:24,9
DA:25,9
DA:29,9
DA:33,14
DA:37,10
DA:38,10
DA:43,271
DA:47,2
DA:48,2
DA:49,2
DA:50,2
LF:20
LH:20
BRDA:37,0,0,10
BRDA:37,0,1,0
BRDA:50,1,0,1
BRDA:50,1,1,1
BRF:4
BRH:3
end_of_record
TN:
SF:C:\documents\myproject\twitterfeeds\src\app\pipe\parseurl.pipe.ts
FN:8,(anonymous_0)
FNF:1
FNH:1
FNDA:73,(anonymous_0)
DA:6,1
DA:9,73
DA:10,73
DA:11,65
DA:12,65
DA:13,65
DA:14,65
DA:15,65
DA:16,65
DA:18,73
LF:10
LH:10
BRDA:10,0,0,65
BRDA:10,0,1,8
BRF:2
BRH:2
end_of_record
TN:
SF:C:\documents\myproject\twitterfeeds\src\app\service\tweets.service.ts
FN:9,(anonymous_0)
FN:11,(anonymous_1)
FNF:2
FNH:2
FNDA:10,(anonymous_0)
FNDA:10,(anonymous_1)
DA:1,1
DA:7,1
DA:12,10
LF:3
LH:3
BRF:0
BRH:0
end_of_record
