TN:
SF:C:\documents\myproject\twitterfeeds\src\polyfills.ts
FNF:0
FNH:0
LF:0
LH:0
BRF:0
BRH:0
end_of_record
TN:
SF:C:\documents\myproject\twitterfeeds\src\test.ts
FNF:0
FNH:0
DA:13,1
DA:18,1
DA:20,1
LF:3
LH:3
BRF:0
BRH:0
end_of_record
TN:
SF:C:\documents\myproject\twitterfeeds\src\app\app.component.ts
FN:3,(anonymous_0)
FNF:1
FNH:1
FNDA:3,(anonymous_0)
DA:8,1
DA:9,3
LF:2
LH:2
BRF:0
BRH:0
end_of_record
TN:
SF:C:\documents\myproject\twitterfeeds\src\app\component\tweets\tweets.component.ts
FN:21,(anonymous_0)
FN:26,(anonymous_1)
FN:30,(anonymous_2)
FN:34,(anonymous_3)
FN:38,(anonymous_4)
FN:42,(anonymous_5)
FNF:6
FNH:5
FNDA:7,(anonymous_0)
FNDA:7,(anonymous_1)
FNDA:9,(anonymous_2)
FNDA:8,(anonymous_3)
FNDA:221,(anonymous_4)
FNDA:0,(anonymous_5)
DA:12,1
DA:14,7
DA:15,7
DA:16,7
DA:17,7
DA:18,7
DA:21,7
DA:22,7
DA:23,7
DA:27,7
DA:31,9
DA:35,8
DA:39,221
DA:43,0
LF:14
LH:13
BRF:0
BRH:0
end_of_record
TN:
SF:C:\documents\myproject\twitterfeeds\src\app\pipe\parseurl.pipe.ts
FN:8,(anonymous_0)
FNF:1
FNH:1
FNDA:61,(anonymous_0)
DA:6,1
DA:9,61
DA:10,61
DA:11,55
DA:13,61
LF:5
LH:5
BRDA:10,0,0,55
BRDA:10,0,1,6
BRF:2
BRH:2
end_of_record
TN:
SF:C:\documents\myproject\twitterfeeds\src\app\service\tweets.service.ts
FN:9,(anonymous_0)
FN:11,(anonymous_1)
FNF:2
FNH:2
FNDA:8,(anonymous_0)
FNDA:8,(anonymous_1)
DA:1,1
DA:7,1
DA:12,8
LF:3
LH:3
BRF:0
BRH:0
end_of_record
